<?xml version="1.0" encoding="UTF-8"?>
<!-- Generated by org.testng.reporters.JUnitXMLReporter -->
<testsuite ignored="0" hostname="Mahesh-Biswal" failures="0" tests="1" name="Test-runner-2" time="16.238" errors="0" timestamp="2023-03-27T15:55:16 IST">
  <testcase classname="RegistrationUsingTestNG.IndivitualHomeRegistrationss" name="indivisualRoom" time="6.55"/>
</testsuite> <!-- Test-runner-2 -->
