<?xml version="1.0" encoding="UTF-8"?>
<!-- Generated by org.testng.reporters.JUnitXMLReporter -->
<testsuite ignored="0" hostname="Mahesh-Biswal" failures="0" tests="1" name="Test-runner-1" time="21.46" errors="0" timestamp="2023-03-27T15:55:21 IST">
  <testcase classname="RegistrationUsingTestNG.APTregANDeditANDcomplains" name="complaint" time="12.456"/>
</testsuite> <!-- Test-runner-1 -->
