<?xml version="1.0" encoding="UTF-8"?>
<!-- Generated by org.testng.reporters.JUnitReportReporter -->
<testsuite hostname="Mahesh-Biswal" failures="0" tests="1" name="RegistrationUsingTestNG.UserRegistrationss" time="6.483" errors="0" timestamp="2023-03-27T10:14:30 IST" skipped="0">
  <testcase classname="RegistrationUsingTestNG.UserRegistrationss" name="UserREG" time="6.483"/>
  <system-out/>
</testsuite> <!-- RegistrationUsingTestNG.UserRegistrationss -->
