<?xml version="1.0" encoding="UTF-8"?>
<!-- Generated by org.testng.reporters.JUnitReportReporter -->
<testsuite hostname="Mahesh-Biswal" failures="0" tests="1" name="practicePackage.AnotationTest" time="0.011" errors="0" timestamp="2023-03-23T16:30:25 IST" skipped="0">
  <testcase classname="practicePackage.AnotationTest" name="Execute" time="0.011"/>
  <system-out/>
</testsuite> <!-- practicePackage.AnotationTest -->
