<?xml version="1.0" encoding="UTF-8"?>
<!-- Generated by org.testng.reporters.JUnitReportReporter -->
<testsuite hostname="Mahesh-Biswal" failures="0" tests="1" name="RegistrationUsingTestNG.APTregANDeditANDcomplains" time="13.694" errors="0" timestamp="2023-03-27T15:55:21 IST" skipped="0">
  <testcase classname="RegistrationUsingTestNG.APTregANDeditANDcomplains" name="complaint" time="13.694"/>
  <system-out/>
</testsuite> <!-- RegistrationUsingTestNG.APTregANDeditANDcomplains -->
