<?xml version="1.0" encoding="UTF-8"?>
<!-- Generated by org.testng.reporters.JUnitReportReporter -->
<testsuite hostname="Mahesh-Biswal" failures="0" tests="1" name="RegistrationUsingTestNG.IndivitualRegANDsendSMS" time="6.210" errors="0" timestamp="2023-03-27T10:08:06 IST" skipped="0">
  <testcase classname="RegistrationUsingTestNG.IndivitualRegANDsendSMS" name="sendSms" time="6.210"/>
  <system-out/>
</testsuite> <!-- RegistrationUsingTestNG.IndivitualRegANDsendSMS -->
