<?xml version="1.0" encoding="UTF-8"?>
<!-- Generated by org.testng.reporters.JUnitReportReporter -->
<testsuite hostname="Mahesh-Biswal" failures="0" tests="1" name="RegistrationUsingTestNG.ApartmentRegistrationss" time="3.897" errors="0" timestamp="2023-03-29T10:35:39 IST" skipped="0">
  <testcase classname="RegistrationUsingTestNG.ApartmentRegistrationss" name="apartmentReg" time="3.897"/>
  <system-out/>
</testsuite> <!-- RegistrationUsingTestNG.ApartmentRegistrationss -->
