<?xml version="1.0" encoding="UTF-8"?>
<!-- Generated by org.testng.reporters.JUnitReportReporter -->
<testsuite hostname="Mahesh-Biswal" failures="0" tests="7" name="practicePackage.DataProvaiderCall" time="0.018" errors="0" timestamp="2023-03-24T10:52:06 IST" skipped="1">
  <testcase classname="practicePackage.DataProvaiderCall" name="readMultipleSetData" time="0.003"/>
  <system-out/>
  <testcase classname="practicePackage.DataProvaiderCall" name="readMultipleSetData" time="0.002"/>
  <system-out/>
  <testcase classname="practicePackage.DataProvaiderCall" name="readMultipleSetData" time="0.001"/>
  <system-out/>
  <testcase classname="practicePackage.DataProvaiderCall" name="readMultipleSetData" time="0.002"/>
  <system-out/>
  <testcase classname="practicePackage.DataProvaiderCall" name="readMultipleSetData" time="0.007"/>
  <system-out/>
  <testcase classname="practicePackage.DataProvaiderCall" name="readMultipleSetData" time="0.003"/>
  <system-out/>
  <testcase classname="practicePackage.DataProvaiderCall" name="mental">
    <skipped/>
  </testcase> <!-- mental -->
  <system-out/>
</testsuite> <!-- practicePackage.DataProvaiderCall -->
