<?xml version="1.0" encoding="UTF-8"?>
<!-- Generated by org.testng.reporters.JUnitReportReporter -->
<testsuite hostname="Mahesh-Biswal" failures="0" tests="2" name="practicePackage.Test_02" time="0.003" errors="0" timestamp="2023-03-27T20:42:15 IST" skipped="0">
  <testcase classname="practicePackage.Test_02" name="m4" time="0.001"/>
  <system-out/>
  <testcase classname="practicePackage.Test_02" name="m3" time="0.002"/>
  <system-out/>
</testsuite> <!-- practicePackage.Test_02 -->
