<?xml version="1.0" encoding="UTF-8"?>
<!-- Generated by org.testng.reporters.JUnitReportReporter -->
<testsuite hostname="Mahesh-Biswal" failures="0" tests="5" name="practicePackage.test_annotation" time="0.019" errors="0" timestamp="2023-03-24T10:05:34 IST" skipped="0">
  <testcase classname="practicePackage.test_annotation" name="m1" time="0.011"/>
  <system-out/>
  <testcase classname="practicePackage.test_annotation" name="m2" time="0.002"/>
  <system-out/>
  <testcase classname="practicePackage.test_annotation" name="m3" time="0.003"/>
  <system-out/>
  <testcase classname="practicePackage.test_annotation" name="m4" time="0.001"/>
  <system-out/>
  <testcase classname="practicePackage.test_annotation" name="m5" time="0.002"/>
  <system-out/>
</testsuite> <!-- practicePackage.test_annotation -->
