<?xml version="1.0" encoding="UTF-8"?>
<!-- Generated by org.testng.reporters.JUnitReportReporter -->
<testsuite hostname="Mahesh-Biswal" failures="0" tests="2" name="practicePackage.Test_04" time="0.010" errors="0" timestamp="2023-03-27T20:42:15 IST" skipped="0">
  <testcase classname="practicePackage.Test_04" name="m7" time="0.008"/>
  <system-out/>
  <testcase classname="practicePackage.Test_04" name="m8" time="0.002"/>
  <system-out/>
</testsuite> <!-- practicePackage.Test_04 -->
