<?xml version="1.0" encoding="UTF-8"?>
<!-- Generated by org.testng.reporters.JUnitReportReporter -->
<testsuite hostname="Mahesh-Biswal" failures="0" tests="2" name="practicePackage.Test_03" time="0.004" errors="0" timestamp="2023-03-27T20:42:15 IST" skipped="0">
  <testcase classname="practicePackage.Test_03" name="m5" time="0.003"/>
  <system-out/>
  <testcase classname="practicePackage.Test_03" name="m6" time="0.001"/>
  <system-out/>
</testsuite> <!-- practicePackage.Test_03 -->
