<?xml version="1.0" encoding="UTF-8"?>
<!-- Generated by org.testng.reporters.JUnitReportReporter -->
<testsuite hostname="Mahesh-Biswal" failures="0" tests="1" name="RegistrationUsingTestNG.SendSMSs" time="8.817" errors="0" timestamp="2023-03-24T13:37:03 IST" skipped="0">
  <testcase classname="RegistrationUsingTestNG.SendSMSs" name="searchRoom" time="8.817"/>
  <system-out/>
</testsuite> <!-- RegistrationUsingTestNG.SendSMSs -->
