<?xml version="1.0" encoding="UTF-8"?>
<!-- Generated by org.testng.reporters.JUnitReportReporter -->
<testsuite hostname="Mahesh-Biswal" failures="0" tests="2" name="practicePackage.Dtataprovider" time="0.009" errors="0" timestamp="2023-03-23T17:34:17 IST" skipped="0">
  <testcase classname="practicePackage.Dtataprovider" name="newww" time="0.002"/>
  <system-out/>
  <testcase classname="practicePackage.Dtataprovider" name="newww" time="0.007"/>
  <system-out/>
</testsuite> <!-- practicePackage.Dtataprovider -->
