<?xml version="1.0" encoding="UTF-8"?>
<!-- Generated by org.testng.reporters.JUnitReportReporter -->
<testsuite hostname="Mahesh-Biswal" failures="0" tests="2" name="practicePackage.Test_01" time="0.004" errors="0" timestamp="2023-03-27T20:42:14 IST" skipped="0">
  <testcase classname="practicePackage.Test_01" name="m1" time="0.002"/>
  <system-out/>
  <testcase classname="practicePackage.Test_01" name="m2" time="0.002"/>
  <system-out/>
</testsuite> <!-- practicePackage.Test_01 -->
