<?xml version="1.0" encoding="UTF-8"?>
<!-- Generated by org.testng.reporters.JUnitReportReporter -->
<testsuite hostname="Mahesh-Biswal" failures="0" tests="2" name="RegistrationUsingTestNG.IndivitualHomeRegistrationss" time="16.442" errors="0" timestamp="2023-03-27T15:55:21 IST" skipped="0">
  <testcase classname="RegistrationUsingTestNG.IndivitualHomeRegistrationss" name="indivisualRoom" time="8.457"/>
  <system-out/>
  <testcase classname="RegistrationUsingTestNG.IndivitualHomeRegistrationss" name="indivisualRoom" time="7.985"/>
  <system-out/>
</testsuite> <!-- RegistrationUsingTestNG.IndivitualHomeRegistrationss -->
